app/build/outputs/logs/manifest-merger-debug-report.txt
-- Merging decision tree log ---
manifest
ADDED from AndroidManifest.xml:2:1
	xmlns:android
		ADDED from AndroidManifest.xml:2:11
	package
		ADDED from AndroidManifest.xml:3:3
		INJECTED from AndroidManifest.xml:0:0
		INJECTED from AndroidManifest.xml:0:0
	android:versionName
		ADDED from AndroidManifest.xml:3:57
	android:versionCode
		ADDED from AndroidManifest.xml:3:33
		INJECTED from AndroidManifest.xml:0:0
		INJECTED from AndroidManifest.xml:0:0
uses-sdk
ADDED from AndroidManifest.xml:5:3
MERGED from com.android.support:support-v4:21.0.3:15:5
MERGED from com.mbientlab:metawear:1.6.21:7:5
MERGED from com.android.support:support-v4:21.0.3:15:5
MERGED from com.jjoe64:graphview:4.0.0:7:5
MERGED from com.android.support:appcompat-v7:20.0.0:16:5
MERGED from com.android.support:support-v4:21.0.3:15:5
	android:targetSdkVersion
		INJECTED from AndroidManifest.xml:0:0
		INJECTED from AndroidManifest.xml:0:0
	android:minSdkVersion
		ADDED from AndroidManifest.xml:5:13
		INJECTED from AndroidManifest.xml:0:0
		INJECTED from AndroidManifest.xml:0:0
uses-permission#android.permission.CAMERA
ADDED from AndroidManifest.xml:7:3
	android:name
		ADDED from AndroidManifest.xml:7:20
uses-permission#android.permission.RECORD_AUDIO
ADDED from AndroidManifest.xml:8:3
	android:name
		ADDED from AndroidManifest.xml:8:20
uses-permission#android.permission.WRITE_EXTERNAL_STORAGE
ADDED from AndroidManifest.xml:9:3
	android:name
		ADDED from AndroidManifest.xml:9:20
uses-permission#android.permission.ACCESS_FINE_LOCATION
ADDED from AndroidManifest.xml:10:3
	android:name
		ADDED from AndroidManifest.xml:10:20
uses-permission#android.permission.ACCESS_WIFI_STATE
ADDED from AndroidManifest.xml:11:3
	android:name
		ADDED from AndroidManifest.xml:11:20
uses-permission#android.permission.CHANGE_WIFI_STATE
ADDED from AndroidManifest.xml:12:3
	android:name
		ADDED from AndroidManifest.xml:12:20
uses-permission#android.permission.WAKE_LOCK
ADDED from AndroidManifest.xml:13:3
	android:name
		ADDED from AndroidManifest.xml:13:20
uses-permission#android.permission.INTERNET
ADDED from AndroidManifest.xml:14:3
	android:name
		ADDED from AndroidManifest.xml:14:20
uses-permission#android.permission.WRITE_SETTINGS
ADDED from AndroidManifest.xml:15:3
	android:name
		ADDED from AndroidManifest.xml:15:20
uses-permission#android.permission.BLUETOOTH
ADDED from AndroidManifest.xml:16:5
MERGED from com.mbientlab:metawear:1.6.21:15:5
	android:name
		ADDED from AndroidManifest.xml:16:22
uses-permission#android.permission.BLUETOOTH_ADMIN
ADDED from AndroidManifest.xml:17:5
	android:name
		ADDED from AndroidManifest.xml:17:22
application
ADDED from AndroidManifest.xml:19:3
MERGED from com.android.support:support-v4:21.0.3:16:5
MERGED from com.android.support:support-v4:21.0.3:16:5
MERGED from com.jjoe64:graphview:4.0.0:11:5
MERGED from com.android.support:appcompat-v7:20.0.0:17:5
MERGED from com.android.support:support-v4:21.0.3:16:5
	android:label
		ADDED from AndroidManifest.xml:20:5
	android:icon
		ADDED from AndroidManifest.xml:19:50
	android:name
		ADDED from AndroidManifest.xml:19:16
service#com.mbientlab.metawear.api.MetaWearBleService
ADDED from AndroidManifest.xml:21:7
	android:name
		ADDED from AndroidManifest.xml:21:16
activity#com.cellbots.logger.LauncherActivity
ADDED from AndroidManifest.xml:22:5
	android:windowSoftInputMode
		ADDED from AndroidManifest.xml:25:7
	android:screenOrientation
		ADDED from AndroidManifest.xml:23:38
	android:label
		ADDED from AndroidManifest.xml:22:48
	android:theme
		ADDED from AndroidManifest.xml:24:7
	android:name
		ADDED from AndroidManifest.xml:22:15
	android:launchMode
		ADDED from AndroidManifest.xml:23:7
intent-filter#android.intent.action.MAIN+android.intent.category.LAUNCHER
ADDED from AndroidManifest.xml:26:7
action#android.intent.action.MAIN
ADDED from AndroidManifest.xml:27:9
	android:name
		ADDED from AndroidManifest.xml:27:17
category#android.intent.category.LAUNCHER
ADDED from AndroidManifest.xml:29:9
	android:name
		ADDED from AndroidManifest.xml:29:19
activity#com.cellbots.logger.LoggerActivity
ADDED from AndroidManifest.xml:32:5
	android:screenOrientation
		ADDED from AndroidManifest.xml:33:38
	android:label
		ADDED from AndroidManifest.xml:32:46
	android:theme
		ADDED from AndroidManifest.xml:34:7
	android:name
		ADDED from AndroidManifest.xml:32:15
	android:launchMode
		ADDED from AndroidManifest.xml:33:7
service#com.cellbots.logger.localServer.LoggingService
ADDED from AndroidManifest.xml:37:5
	android:name
		ADDED from AndroidManifest.xml:37:14
intent-filter#android.intent.category.LOGGING_SERVICE+com.cellbots.logger.USE_LOGGING_SERVICE
ADDED from AndroidManifest.xml:38:7
action#com.cellbots.logger.USE_LOGGING_SERVICE
ADDED from AndroidManifest.xml:39:9
	android:name
		ADDED from AndroidManifest.xml:39:17
category#android.intent.category.LOGGING_SERVICE
ADDED from AndroidManifest.xml:40:9
	android:name
		ADDED from AndroidManifest.xml:40:19
activity#com.cellbots.logger.localServer.ServerControlActivity
ADDED from AndroidManifest.xml:44:5
	android:screenOrientation
		ADDED from AndroidManifest.xml:46:7
	android:label
		ADDED from AndroidManifest.xml:45:7
	android:name
		ADDED from AndroidManifest.xml:44:15
	android:launchMode
		ADDED from AndroidManifest.xml:45:51
uses-feature#android.hardware.bluetooth_le
ADDED from com.mbientlab:metawear:1.6.21:11:5
	android:required
		ADDED from com.mbientlab:metawear:1.6.21:13:9
	android:name
		ADDED from com.mbientlab:metawear:1.6.21:12:9